Arguments: 
  /Users/fatoldsun/.nvm/versions/node/v18.15.0/bin/node /Users/fatoldsun/.yarn/bin/yarn.js init -3

PATH: 
  /Users/fatoldsun/.nvm/versions/node/v18.15.0/bin:/opt/homebrew/bin:/opt/homebrew/sbin:/Users/fatoldsun/Stuffs/2hire/cordova/node_12/bin:.:/Users/fatoldsun/.gem/ruby/3.1.0/bin:/opt/homebrew/lib/ruby/gems/3.1.0/bin:/Users/fatoldsun/Stuffs/2hire/cordova/node16env/bin:/Users/fatoldsun/Library/Android/sdk/platform-tools:/Users/fatoldsun/Library/Android/sdk/tools:/Users/fatoldsun/Stuffs/2hire/dashboard-v2:/Users/fatoldsun/Stuffs/2hire/compatibility-tool-lambda:/usr/local/lib/ruby/gems/3.0.0/bin:/usr/local/opt/ruby/bin:/usr/local/bin:/Users/fatoldsun/.yarn/bin:/opt/homebrew/lib/ruby/gems/3.0.0/bin:/opt/homebrew/opt/ruby/bin:/System/Cryptexes/App/usr/bin:/usr/bin:/bin:/usr/sbin:/sbin:/Library/Apple/usr/bin:/Applications/Wireshark.app/Contents/MacOS

Yarn version: 
  1.22.19

Node version: 
  18.15.0

Platform: 
  darwin arm64

Trace: 
  Error: canceled
      at Interface.<anonymous> (/Users/fatoldsun/.yarn/lib/cli.js:137150:13)
      at Interface.emit (node:events:513:28)
      at [_ttyWrite] [as _ttyWrite] (node:internal/readline/interface:1131:18)
      at ReadStream.onkeypress (node:internal/readline/interface:270:20)
      at ReadStream.emit (node:events:513:28)
      at emitKeys (node:internal/readline/utils:357:14)
      at emitKeys.next (<anonymous>)
      at ReadStream.onData (node:internal/readline/emitKeypressEvents:64:36)
      at ReadStream.emit (node:events:513:28)
      at addChunk (node:internal/streams/readable:324:12)

npm manifest: 
  No manifest

yarn manifest: 
  No manifest

Lockfile: 
  No lockfile
